2024-01-19 08:38:34,923 [INFO] Activator:176 - 


2024-01-19 08:38:34,933 [INFO] Activator:177 - !SESSION log4j initialized
2024-01-19 08:38:42,019 [INFO] LogOutputStream:77 - [STDOUT_REDIRECT] 
2024-01-19 08:38:43,324 [INFO] ApplicationProperties:184 - Using Application install path: C:\nonSystem\IT\Programs\STM32\STM32CubeIDE_1.13.2\STM32CubeIDE\plugins\com.st.stm32cube.common.mx_6.9.2.202309101412
2024-01-19 08:38:43,375 [INFO] DbMcusXml:78 - Set database path to: C:\nonSystem\IT\Programs\STM32\STM32CubeIDE_1.13.2\STM32CubeIDE\plugins\com.st.stm32cube.common.mx_6.9.2.202309101412\\db\/mcu/
2024-01-19 08:38:43,375 [INFO] ApiDb:274 - Set plugin database path to: C:\nonSystem\IT\Programs\STM32\STM32CubeIDE_1.13.2\STM32CubeIDE\plugins\com.st.stm32cube.common.mx_6.9.2.202309101412\\db\/plugins/boardmanager/
2024-01-19 08:38:43,376 [WARN] ApiDb:259 - Overriding images path with different value:  => C:\nonSystem\IT\Programs\STM32\STM32CubeIDE_1.13.2\STM32CubeIDE\plugins\com.st.stm32cube.common.mx_6.9.2.202309101412\\db\/plugins/mcufinder/images/
2024-01-19 08:38:43,407 [INFO] ApiDb:250 - Set database path to: C:\Users\gmich\.stmcufinder\plugins\mcufinder//mcu/
2024-01-19 08:38:43,411 [INFO] DbMcusAds:125 - Set database path to: C:\Users\gmich\.stmcufinder\plugins\mcufinder//mcu/
2024-01-19 08:38:43,417 [INFO] CrossReferenceDbSqlite:203 - Set database path to: C:\Users\gmich\.stmcufinder\plugins\mcufinder//mcu/cs/
2024-01-19 08:38:43,590 [INFO] RulesReader:64 - Compatibility file has been processed (293 Rules)
2024-01-19 08:38:43,691 [INFO] DbMcusXml:78 - Set database path to: C:\nonSystem\IT\Programs\STM32\STM32CubeIDE_1.13.2\STM32CubeIDE\plugins\com.st.stm32cube.common.mx_6.9.2.202309101412\\db\/mcu/
2024-01-19 08:38:43,691 [INFO] ApiDb:274 - Set plugin database path to: C:\nonSystem\IT\Programs\STM32\STM32CubeIDE_1.13.2\STM32CubeIDE\plugins\com.st.stm32cube.common.mx_6.9.2.202309101412\\db\/plugins/boardmanager/
2024-01-19 08:38:43,691 [INFO] ApiDb:261 - Set plugin images path to: C:\nonSystem\IT\Programs\STM32\STM32CubeIDE_1.13.2\STM32CubeIDE\plugins\com.st.stm32cube.common.mx_6.9.2.202309101412\\db\/plugins/mcufinder/images/
2024-01-19 08:38:43,691 [WARN] DbFile:41 - Overriding database path with different value: C:\Users\gmich\.stmcufinder\plugins\mcufinder/ => C:\Users\gmich\.stmcufinder\plugins\mcufinder
2024-01-19 08:38:43,691 [INFO] ApiDb:250 - Set database path to: C:\Users\gmich\.stmcufinder\plugins\mcufinder//mcu/
2024-01-19 08:38:43,691 [WARN] DbFile:41 - Overriding database path with different value: C:\Users\gmich\.stmcufinder\plugins\mcufinder/ => C:\Users\gmich\.stmcufinder\plugins\mcufinder
2024-01-19 08:38:43,692 [INFO] DbMcusAds:125 - Set database path to: C:\Users\gmich\.stmcufinder\plugins\mcufinder//mcu/
2024-01-19 08:38:43,692 [WARN] DbFile:41 - Overriding database path with different value: C:\Users\gmich\.stmcufinder\plugins\mcufinder/ => C:\Users\gmich\.stmcufinder\plugins\mcufinder
2024-01-19 08:38:43,692 [WARN] DbFile:41 - Overriding database path with different value: C:\Users\gmich\.stmcufinder\plugins\mcufinder/ => C:\Users\gmich\.stmcufinder\plugins\mcufinder
2024-01-19 08:38:43,692 [INFO] CrossReferenceDbSqlite:203 - Set database path to: C:\Users\gmich\.stmcufinder\plugins\mcufinder//mcu/cs/
2024-01-19 08:38:43,798 [INFO] MainPanel:262 - HeapMemory: 268435456
2024-01-19 08:38:43,922 [INFO] DbMcusXml:78 - Set database path to: C:\nonSystem\IT\Programs\STM32\STM32CubeIDE_1.13.2\STM32CubeIDE\plugins\com.st.stm32cube.common.mx_6.9.2.202309101412\\db\/mcu/
2024-01-19 08:38:43,922 [INFO] ApiDb:274 - Set plugin database path to: C:\nonSystem\IT\Programs\STM32\STM32CubeIDE_1.13.2\STM32CubeIDE\plugins\com.st.stm32cube.common.mx_6.9.2.202309101412\\db\/plugins/boardmanager/
2024-01-19 08:38:43,922 [INFO] ApiDb:261 - Set plugin images path to: C:\nonSystem\IT\Programs\STM32\STM32CubeIDE_1.13.2\STM32CubeIDE\plugins\com.st.stm32cube.common.mx_6.9.2.202309101412\\db\/plugins/mcufinder/images/
2024-01-19 08:38:43,923 [WARN] DbFile:41 - Overriding database path with different value: C:\Users\gmich\.stmcufinder\plugins\mcufinder/ => C:\Users\gmich\.stmcufinder\plugins\mcufinder
2024-01-19 08:38:43,924 [INFO] ApiDb:250 - Set database path to: C:\Users\gmich\.stmcufinder\plugins\mcufinder//mcu/
2024-01-19 08:38:43,924 [WARN] DbFile:41 - Overriding database path with different value: C:\Users\gmich\.stmcufinder\plugins\mcufinder/ => C:\Users\gmich\.stmcufinder\plugins\mcufinder
2024-01-19 08:38:43,924 [INFO] DbMcusAds:125 - Set database path to: C:\Users\gmich\.stmcufinder\plugins\mcufinder//mcu/
2024-01-19 08:38:43,924 [WARN] DbFile:41 - Overriding database path with different value: C:\Users\gmich\.stmcufinder\plugins\mcufinder/ => C:\Users\gmich\.stmcufinder\plugins\mcufinder
2024-01-19 08:38:43,924 [WARN] DbFile:41 - Overriding database path with different value: C:\Users\gmich\.stmcufinder\plugins\mcufinder/ => C:\Users\gmich\.stmcufinder\plugins\mcufinder
2024-01-19 08:38:43,924 [INFO] CrossReferenceDbSqlite:203 - Set database path to: C:\Users\gmich\.stmcufinder\plugins\mcufinder//mcu/cs/
2024-01-19 08:38:43,951 [INFO] ApplicationProperties:184 - Using Application install path: C:\nonSystem\IT\Programs\STM32\STM32CubeIDE_1.13.2\STM32CubeIDE\plugins\com.st.stm32cube.common.mx_6.9.2.202309101412
2024-01-19 08:38:43,953 [INFO] PluginManage:196 - Search for loadable plugins [exclusion list=, ]
2024-01-19 08:38:43,955 [INFO] PluginManage:310 - Check plugin analytics
2024-01-19 08:38:44,191 [INFO] AnalyticsPlugin:253 - Accepted Software Licenses: 
2024-01-19 08:38:44,191 [INFO] AnalyticsPlugin:255 - Accepted CMSIS Pack Licenses: STMicroelectronics.X-CUBE-MEMS1.10.0.0
2024-01-19 08:38:44,191 [INFO] AnalyticsPlugin:257 - Accepted Firmware Licenses: FW.L4.1.18.0
2024-01-19 08:38:44,196 [INFO] PluginManage:359 - Loaded plugin analytics (category:tool,tabindex:-1)
2024-01-19 08:38:44,197 [INFO] PluginManage:310 - Check plugin cadmodel
2024-01-19 08:38:44,210 [INFO] CADModel:105 - Init CAD model plugin
2024-01-19 08:38:44,210 [INFO] PluginManage:359 - Loaded plugin cadmodel (category:power,tabindex:5)
2024-01-19 08:38:44,210 [INFO] PluginManage:310 - Check plugin clock
2024-01-19 08:38:44,225 [INFO] PluginManage:359 - Loaded plugin clock (category:base,tabindex:2)
2024-01-19 08:38:44,225 [INFO] PluginManage:310 - Check plugin ddr
2024-01-19 08:38:44,229 [INFO] PluginManage:359 - Loaded plugin ddr (category:tool,tabindex:6)
2024-01-19 08:38:44,229 [INFO] PluginManage:310 - Check plugin filemanager
2024-01-19 08:38:44,404 [INFO] PluginManage:359 - Loaded plugin filemanager (category:base,tabindex:10)
2024-01-19 08:38:44,404 [INFO] PluginManage:310 - Check plugin ipmanager
2024-01-19 08:38:44,415 [INFO] PluginManage:359 - Loaded plugin ipmanager (category:base,tabindex:5)
2024-01-19 08:38:44,415 [INFO] PluginManage:310 - Check plugin lpbam
2024-01-19 08:38:44,426 [INFO] PluginManage:359 - Loaded plugin lpbam (category:base,tabindex:0)
2024-01-19 08:38:44,427 [INFO] PluginManage:310 - Check plugin memorymap
2024-01-19 08:38:44,448 [INFO] PluginManage:359 - Loaded plugin memorymap (category:base,tabindex:4)
2024-01-19 08:38:44,448 [INFO] PluginManage:310 - Check plugin pinoutandconfiguration
2024-01-19 08:38:44,458 [INFO] PluginManage:359 - Loaded plugin pinoutandconfiguration (category:base,tabindex:1)
2024-01-19 08:38:44,459 [INFO] PluginManage:310 - Check plugin pinoutconfig
2024-01-19 08:38:44,578 [WARN] SupportedApi:132 - Cannot load RTOS API schema: s4s-elt-must-match.1: The content of 'definitions' must match (annotation?, (simpleType | complexType)?, (unique | key | keyref)*)). A problem was found starting at: attribute.
2024-01-19 08:38:44,814 [INFO] PluginManage:359 - Loaded plugin pinoutconfig (category:base,tabindex:0)
2024-01-19 08:38:44,814 [INFO] PluginManage:310 - Check plugin power
2024-01-19 08:38:44,841 [INFO] PluginManage:359 - Loaded plugin power (category:power,tabindex:4)
2024-01-19 08:38:44,841 [INFO] PluginManage:310 - Check plugin projectmanager
2024-01-19 08:38:44,862 [INFO] PluginManage:359 - Loaded plugin projectmanager (category:projectmanager,tabindex:3)
2024-01-19 08:38:44,863 [INFO] PluginManage:310 - Check plugin thirdparty
2024-01-19 08:38:45,060 [WARN] IntegrityCheckThread:84 - waiting for thirdparty lock release [integrity check]
2024-01-19 08:38:45,060 [INFO] IntegrityCheckThread:86 - entering critical section [integrity check]
2024-01-19 08:38:45,061 [INFO] PluginManage:359 - Loaded plugin thirdparty (category:base,tabindex:-1)
2024-01-19 08:38:45,061 [INFO] ThirdPartyUpdaterWithRetryManager:70 - Updater plugin not ready yet. [1/15]
2024-01-19 08:38:45,061 [INFO] PluginManage:310 - Check plugin tools
2024-01-19 08:38:45,066 [INFO] PluginManage:359 - Loaded plugin tools (category:base,tabindex:7)
2024-01-19 08:38:45,066 [INFO] PluginManage:310 - Check plugin tutovideos
2024-01-19 08:38:45,347 [INFO] PluginManage:359 - Loaded plugin tutovideos (category:base,tabindex:-1)
2024-01-19 08:38:45,347 [INFO] PluginManage:310 - Check plugin updater
2024-01-19 08:38:45,364 [INFO] PluginManage:359 - Loaded plugin updater (category:base,tabindex:12)
2024-01-19 08:38:45,364 [INFO] PluginManage:310 - Check plugin userauth
2024-01-19 08:38:45,371 [INFO] UserAuth:113 - Init User Auth plugin
2024-01-19 08:38:45,371 [INFO] PluginManage:359 - Loaded plugin userauth (category:base,tabindex:14)
2024-01-19 08:38:45,372 [INFO] PluginManage:283 - PluginManage : Loaded plugins [17]
2024-01-19 08:38:45,691 [INFO] PinOutPanel:1499 - setPackage(No Configuration,No Configuration)
2024-01-19 08:38:45,808 [INFO] CADModel:165 - CPN selected for project level
2024-01-19 08:38:45,809 [INFO] CADModel:114 - Register for checkConnection events
2024-01-19 08:38:45,830 [INFO] IPUIPlugin:80 - create IPUIPlugin
2024-01-19 08:38:45,831 [INFO] PluginManager:220 - loadIPPluginJar : add adc
2024-01-19 08:38:45,835 [INFO] IPUIPlugin:80 - create IPUIPlugin
2024-01-19 08:38:45,835 [INFO] PluginManager:220 - loadIPPluginJar : add aes
2024-01-19 08:38:45,839 [INFO] IPUIPlugin:80 - create IPUIPlugin
2024-01-19 08:38:45,839 [INFO] PluginManager:220 - loadIPPluginJar : add can
2024-01-19 08:38:45,842 [INFO] IPUIPlugin:80 - create IPUIPlugin
2024-01-19 08:38:45,843 [INFO] PluginManager:220 - loadIPPluginJar : add comp
2024-01-19 08:38:45,846 [INFO] IPUIPlugin:80 - create IPUIPlugin
2024-01-19 08:38:45,846 [INFO] PluginManager:220 - loadIPPluginJar : add cryp
2024-01-19 08:38:45,849 [INFO] IPUIPlugin:80 - create IPUIPlugin
2024-01-19 08:38:45,849 [INFO] PluginManager:220 - loadIPPluginJar : add dfsdm
2024-01-19 08:38:45,857 [INFO] IPUIPlugin:80 - create IPUIPlugin
2024-01-19 08:38:45,858 [INFO] PluginManager:220 - loadIPPluginJar : add dma
2024-01-19 08:38:45,863 [INFO] IPUIPlugin:80 - create IPUIPlugin
2024-01-19 08:38:45,863 [INFO] PluginManager:220 - loadIPPluginJar : add dma3
2024-01-19 08:38:45,867 [INFO] IPUIPlugin:80 - create IPUIPlugin
2024-01-19 08:38:45,867 [INFO] PluginManager:220 - loadIPPluginJar : add fatfs
2024-01-19 08:38:45,873 [INFO] IPUIPlugin:80 - create IPUIPlugin
2024-01-19 08:38:45,873 [INFO] PluginManager:220 - loadIPPluginJar : add fmc
2024-01-19 08:38:45,883 [INFO] IPUIPlugin:80 - create IPUIPlugin
2024-01-19 08:38:45,883 [INFO] PluginManager:220 - loadIPPluginJar : add freertos
2024-01-19 08:38:45,885 [INFO] IPUIPlugin:80 - create IPUIPlugin
2024-01-19 08:38:45,886 [INFO] PluginManager:220 - loadIPPluginJar : add genericplugin
2024-01-19 08:38:45,890 [INFO] IPUIPlugin:80 - create IPUIPlugin
2024-01-19 08:38:45,890 [INFO] PluginManager:220 - loadIPPluginJar : add gfxmmu
2024-01-19 08:38:45,896 [INFO] IPUIPlugin:80 - create IPUIPlugin
2024-01-19 08:38:45,897 [INFO] PluginManager:220 - loadIPPluginJar : add gic
2024-01-19 08:38:45,903 [INFO] IPUIPlugin:80 - create IPUIPlugin
2024-01-19 08:38:45,903 [INFO] PluginManager:220 - loadIPPluginJar : add gpio
2024-01-19 08:38:45,907 [INFO] IPUIPlugin:80 - create IPUIPlugin
2024-01-19 08:38:45,907 [INFO] PluginManager:220 - loadIPPluginJar : add gtzc
2024-01-19 08:38:45,911 [INFO] IPUIPlugin:80 - create IPUIPlugin
2024-01-19 08:38:45,911 [INFO] PluginManager:220 - loadIPPluginJar : add hash
2024-01-19 08:38:45,914 [INFO] IPUIPlugin:80 - create IPUIPlugin
2024-01-19 08:38:45,914 [INFO] PluginManager:220 - loadIPPluginJar : add i2c
2024-01-19 08:38:45,918 [INFO] IPUIPlugin:80 - create IPUIPlugin
2024-01-19 08:38:45,918 [INFO] PluginManager:220 - loadIPPluginJar : add i2s
2024-01-19 08:38:45,921 [INFO] IPUIPlugin:80 - create IPUIPlugin
2024-01-19 08:38:45,921 [INFO] PluginManager:220 - loadIPPluginJar : add i3c
2024-01-19 08:38:45,926 [INFO] IPUIPlugin:80 - create IPUIPlugin
2024-01-19 08:38:45,926 [INFO] PluginManager:220 - loadIPPluginJar : add ipddr
2024-01-19 08:38:45,935 [INFO] IPUIPlugin:80 - create IPUIPlugin
2024-01-19 08:38:45,935 [INFO] PluginManager:220 - loadIPPluginJar : add linkedlist
2024-01-19 08:38:45,938 [INFO] IPUIPlugin:80 - create IPUIPlugin
2024-01-19 08:38:45,938 [INFO] PluginManager:220 - loadIPPluginJar : add lorawan
2024-01-19 08:38:45,940 [INFO] IPUIPlugin:80 - create IPUIPlugin
2024-01-19 08:38:45,941 [INFO] PluginManager:220 - loadIPPluginJar : add ltdc
2024-01-19 08:38:45,947 [INFO] IPUIPlugin:80 - create IPUIPlugin
2024-01-19 08:38:45,947 [INFO] PluginManager:220 - loadIPPluginJar : add mdma
2024-01-19 08:38:45,953 [INFO] IPUIPlugin:80 - create IPUIPlugin
2024-01-19 08:38:45,953 [INFO] PluginManager:220 - loadIPPluginJar : add nvic
2024-01-19 08:38:45,956 [INFO] IPUIPlugin:80 - create IPUIPlugin
2024-01-19 08:38:45,957 [INFO] PluginManager:220 - loadIPPluginJar : add opamp
2024-01-19 08:38:45,960 [INFO] IPUIPlugin:80 - create IPUIPlugin
2024-01-19 08:38:45,960 [INFO] PluginManager:220 - loadIPPluginJar : add openamp
2024-01-19 08:38:45,965 [INFO] IPUIPlugin:80 - create IPUIPlugin
2024-01-19 08:38:45,965 [INFO] PluginManager:220 - loadIPPluginJar : add pdm2pcm
2024-01-19 08:38:45,972 [INFO] IPUIPlugin:80 - create IPUIPlugin
2024-01-19 08:38:45,974 [INFO] PluginManager:220 - loadIPPluginJar : add plateformsettings
2024-01-19 08:38:45,977 [INFO] IPUIPlugin:80 - create IPUIPlugin
2024-01-19 08:38:45,977 [INFO] PluginManager:220 - loadIPPluginJar : add quadspi
2024-01-19 08:38:45,984 [INFO] IPUIPlugin:80 - create IPUIPlugin
2024-01-19 08:38:45,984 [INFO] PluginManager:220 - loadIPPluginJar : add resmgrutility
2024-01-19 08:38:45,988 [INFO] IPUIPlugin:80 - create IPUIPlugin
2024-01-19 08:38:45,988 [INFO] PluginManager:220 - loadIPPluginJar : add sai
2024-01-19 08:38:45,990 [INFO] IPUIPlugin:80 - create IPUIPlugin
2024-01-19 08:38:45,991 [INFO] PluginManager:220 - loadIPPluginJar : add spi
2024-01-19 08:38:45,996 [INFO] IPUIPlugin:80 - create IPUIPlugin
2024-01-19 08:38:45,996 [INFO] PluginManager:220 - loadIPPluginJar : add stm32_wpan
2024-01-19 08:38:45,999 [INFO] IPUIPlugin:80 - create IPUIPlugin
2024-01-19 08:38:45,999 [INFO] PluginManager:220 - loadIPPluginJar : add tim
2024-01-19 08:38:46,002 [INFO] IPUIPlugin:80 - create IPUIPlugin
2024-01-19 08:38:46,003 [INFO] PluginManager:220 - loadIPPluginJar : add touchsensing
2024-01-19 08:38:46,006 [INFO] IPUIPlugin:80 - create IPUIPlugin
2024-01-19 08:38:46,006 [INFO] PluginManager:220 - loadIPPluginJar : add tracer_emb
2024-01-19 08:38:46,008 [INFO] IPUIPlugin:80 - create IPUIPlugin
2024-01-19 08:38:46,008 [INFO] PluginManager:220 - loadIPPluginJar : add ts
2024-01-19 08:38:46,016 [INFO] IPUIPlugin:80 - create IPUIPlugin
2024-01-19 08:38:46,018 [INFO] PluginManager:220 - loadIPPluginJar : add tsc
2024-01-19 08:38:46,022 [INFO] IPUIPlugin:80 - create IPUIPlugin
2024-01-19 08:38:46,022 [INFO] PluginManager:220 - loadIPPluginJar : add ucpd
2024-01-19 08:38:46,025 [INFO] IPUIPlugin:80 - create IPUIPlugin
2024-01-19 08:38:46,026 [INFO] PluginManager:220 - loadIPPluginJar : add usart
2024-01-19 08:38:46,030 [INFO] IPUIPlugin:80 - create IPUIPlugin
2024-01-19 08:38:46,030 [INFO] PluginManager:220 - loadIPPluginJar : add usbx
2024-01-19 08:38:46,157 [INFO] CADModel:165 - CPN selected for project level
2024-01-19 08:38:46,158 [INFO] CADModel:114 - Register for checkConnection events
2024-01-19 08:38:46,158 [FATAL] Updater:308 - Updater called before beeing initialized
2024-01-19 08:38:46,158 [ERROR] CADModel:125 - Updater not yet initialized, retry later 
2024-01-19 08:38:46,387 [INFO] CADModel:165 - CPN selected for project level
2024-01-19 08:38:46,387 [INFO] CADModel:114 - Register for checkConnection events
2024-01-19 08:38:46,388 [FATAL] Updater:308 - Updater called before beeing initialized
2024-01-19 08:38:46,388 [ERROR] CADModel:125 - Updater not yet initialized, retry later 
2024-01-19 08:38:46,392 [FATAL] Updater:308 - Updater called before beeing initialized
2024-01-19 08:38:46,500 [FATAL] Updater:308 - Updater called before beeing initialized
2024-01-19 08:38:46,507 [INFO] DbMcusAds:53 - JSON generation date=Wed Nov 29 11:52:27 CET 2023 (1701255147349)
2024-01-19 08:38:46,507 [FATAL] Updater:308 - Updater called before beeing initialized
2024-01-19 08:38:46,554 [WARN] DetailPanel:346 - Failed to get advertising image, set to default
2024-01-19 08:38:46,714 [FATAL] Updater:308 - Updater called before beeing initialized
2024-01-19 08:38:46,716 [FATAL] Updater:308 - Updater called before beeing initialized
2024-01-19 08:38:46,716 [FATAL] Updater:308 - Updater called before beeing initialized
2024-01-19 08:38:46,717 [WARN] DetailPanel:346 - Failed to get advertising image, set to default
2024-01-19 08:38:46,718 [FATAL] Updater:308 - Updater called before beeing initialized
2024-01-19 08:38:46,766 [ERROR] Updater:1120 - MainUpdater not yet initialized. External WinMGr cannot be set.
2024-01-19 08:38:46,769 [INFO] Updater:1056 - Updater Version found : 6.9.2
2024-01-19 08:38:46,795 [INFO] ApplicationProperties:184 - Using Application install path: C:\nonSystem\IT\Programs\STM32\STM32CubeIDE_1.13.2\STM32CubeIDE\plugins\com.st.stm32cube.common.mx_6.9.2.202309101412
2024-01-19 08:38:47,110 [INFO] MainUpdater:2868 - connection check result : 10
2024-01-19 08:38:47,111 [INFO] MainUpdater:285 - Updater Check For Update Now.
2024-01-19 08:38:47,111 [INFO] MicroXplorer:498 - Change Database Version : DB.6.0.92
2024-01-19 08:38:47,121 [INFO] McuFinderGlobals:63 - Set McuFinder mode to 2 (CubeIDE integrated)
2024-01-19 08:38:47,331 [INFO] CheckServerUpdateThread:120 - End of CheckServer Thread
2024-01-19 08:38:48,309 [WARN] PackLoader:240 - Cannot read IP mode file for STMicroelectronics.X-CUBE-SMBUS.2.1.0
2024-01-19 08:38:48,321 [WARN] PackLoader:240 - Cannot read IP mode file for STMicroelectronics.X-CUBE-TOUCHGFX.4.23.0
2024-01-19 08:38:48,358 [WARN] PackLoader:240 - Cannot read IP mode file for STMicroelectronics.X-CUBE-AZRTOS-F7.1.1.0
2024-01-19 08:38:48,370 [WARN] PackLoader:240 - Cannot read IP mode file for STMicroelectronics.FP-SNS-MOTENV1.4.3.2
2024-01-19 08:38:48,379 [WARN] PackLoader:240 - Cannot read IP mode file for STMicroelectronics.FP-SNS-FLIGHT1.5.0.2
2024-01-19 08:38:48,393 [WARN] PackLoader:240 - Cannot read IP mode file for STMicroelectronics.X-CUBE-DISPLAY.3.0.0
2024-01-19 08:38:48,414 [WARN] PackLoader:240 - Cannot read IP mode file for STMicroelectronics.X-CUBE-BLE1.7.0.0
2024-01-19 08:38:48,421 [WARN] PackLoader:240 - Cannot read IP mode file for emotas.I-CUBE-CANOPEN.1.3.0
2024-01-19 08:38:48,426 [WARN] PackLoader:240 - Cannot read IP mode file for STMicroelectronics.X-CUBE-TOUCHGFX.4.22.1
2024-01-19 08:38:48,432 [WARN] PackLoader:240 - Cannot read IP mode file for STMicroelectronics.FP-SNS-SMARTAG2.1.2.0
2024-01-19 08:38:48,449 [INFO] LogOutputStream:77 - [STDOUT_REDIRECT] 1 : Invalid condition id : UX_CORESTACK_Condition cause : null
2024-01-19 08:38:48,450 [INFO] LogOutputStream:77 - [STDOUT_REDIRECT] 1 : Invalid condition id : UX_CORESTACK_Condition cause : null
2024-01-19 08:38:48,451 [INFO] LogOutputStream:77 - [STDOUT_REDIRECT] 1 : Invalid condition id : UX_CORESTACK_Condition cause : null
2024-01-19 08:38:48,453 [INFO] LogOutputStream:77 - [STDOUT_REDIRECT] 1 : Invalid condition id : UX_CORESTACK_Condition cause : null
2024-01-19 08:38:48,455 [INFO] LogOutputStream:77 - [STDOUT_REDIRECT] 1 : Invalid condition id : UX_CORESTACK_Condition cause : null
2024-01-19 08:38:48,460 [WARN] PackLoader:240 - Cannot read IP mode file for STMicroelectronics.X-CUBE-AZRTOS-WL.2.0.0
2024-01-19 08:38:48,473 [WARN] PackLoader:240 - Cannot read IP mode file for WES.I-CUBE-Cesium.1.3.0
2024-01-19 08:38:48,481 [WARN] PackLoader:240 - Cannot read IP mode file for STMicroelectronics.X-CUBE-BLE2.3.3.0
2024-01-19 08:38:48,489 [WARN] PackLoader:240 - Cannot read IP mode file for STMicroelectronics.X-CUBE-ALGOBUILD.1.3.0
2024-01-19 08:38:48,505 [WARN] PackLoader:240 - Cannot read IP mode file for STMicroelectronics.X-CUBE-AZRTOS-G0.1.1.0
2024-01-19 08:38:48,522 [WARN] PackLoader:240 - Cannot read IP mode file for STMicroelectronics.X-CUBE-NFC4.3.0.0
2024-01-19 08:38:48,535 [WARN] PackLoader:240 - Cannot read IP mode file for STMicroelectronics.X-CUBE-BLEMGR.3.0.0
2024-01-19 08:38:48,544 [WARN] PackLoader:240 - Cannot read IP mode file for STMicroelectronics.FP-ATR-SIGFOX1.3.2.0
2024-01-19 08:38:48,584 [WARN] PackLoader:240 - Cannot read IP mode file for SEGGER.I-CUBE-embOS.1.3.1
2024-01-19 08:38:48,623 [WARN] PackLoader:240 - Cannot read IP mode file for STMicroelectronics.X-CUBE-GNSS1.6.0.0
2024-01-19 08:38:48,641 [WARN] PackLoader:240 - Cannot read IP mode file for STMicroelectronics.X-CUBE-AZRTOS-F4.1.1.0
2024-01-19 08:38:48,650 [WARN] PackLoader:240 - Cannot read IP mode file for wolfSSL.I-CUBE-wolfSSL.5.6.3
2024-01-19 08:38:48,670 [WARN] PackLoader:240 - Cannot read IP mode file for STMicroelectronics.X-CUBE-AZRTOS-L5.2.0.0
2024-01-19 08:38:48,680 [WARN] PackLoader:240 - Cannot read IP mode file for STMicroelectronics.X-CUBE-EEPRMA1.4.2.0
2024-01-19 08:38:48,688 [WARN] PackLoader:240 - Cannot read IP mode file for ITTIA_DB.I-CUBE-ITTIADB.8.8.0
2024-01-19 08:38:48,695 [WARN] PackLoader:240 - Cannot read IP mode file for STMicroelectronics.X-CUBE-BLEMGR.2.0.0
2024-01-19 08:38:48,715 [WARN] ConditionMgr:438 - getConditionDescription Invalid condition id : UX DEVICE CLASS RTOS Condition cause : null
2024-01-19 08:38:48,715 [WARN] ConditionMgr:438 - getConditionDescription Invalid condition id : UX DEVICE CLASS RTOS Condition cause : null
2024-01-19 08:38:48,718 [WARN] PackLoader:240 - Cannot read IP mode file for STMicroelectronics.X-CUBE-AZRTOS-H7.3.1.0
2024-01-19 08:38:48,720 [WARN] ConditionMgr:1039 - genDependencies : Invalid condition id : UX DEVICE CLASS RTOS Condition cause : null
2024-01-19 08:38:48,720 [WARN] ConditionMgr:1039 - genDependencies : Invalid condition id : UX DEVICE CLASS RTOS Condition cause : null
2024-01-19 08:38:48,721 [WARN] ConditionMgr:1039 - genDependencies : Invalid condition id : UX DEVICE CLASS RTOS Condition cause : null
2024-01-19 08:38:48,721 [WARN] ConditionMgr:1039 - genDependencies : Invalid condition id : UX DEVICE CLASS RTOS Condition cause : null
2024-01-19 08:38:48,721 [WARN] ConditionMgr:1039 - genDependencies : Invalid condition id : UX DEVICE CLASS RTOS Condition cause : null
2024-01-19 08:38:48,729 [WARN] PackLoader:240 - Cannot read IP mode file for STMicroelectronics.X-CUBE-NFC7.1.0.1
2024-01-19 08:38:48,741 [WARN] PackLoader:240 - Cannot read IP mode file for STMicroelectronics.X-CUBE-NFC6.3.0.0
2024-01-19 08:38:48,750 [WARN] PackLoader:240 - Cannot read IP mode file for STMicroelectronics.X-CUBE-EEPRMA1.4.1.0
2024-01-19 08:38:48,758 [WARN] PackLoader:240 - Cannot read IP mode file for STMicroelectronics.X-CUBE-AI.8.1.0
2024-01-19 08:38:48,777 [WARN] ConditionMgr:438 - getConditionDescription Invalid condition id : LAN8742 Phy interface Condition cause : null
2024-01-19 08:38:48,777 [WARN] PackLoader:240 - Cannot read IP mode file for STMicroelectronics.X-CUBE-AZRTOS-L4.2.0.0
2024-01-19 08:38:48,778 [WARN] ConditionMgr:1039 - genDependencies : Invalid condition id : LAN8742 Phy interface Condition cause : null
2024-01-19 08:38:48,779 [WARN] ConditionMgr:1039 - genDependencies : Invalid condition id : LAN8742 Phy interface Condition cause : null
2024-01-19 08:38:48,779 [WARN] ConditionMgr:1039 - genDependencies : Invalid condition id : LAN8742 Phy interface Condition cause : null
2024-01-19 08:38:48,789 [WARN] PackLoader:240 - Cannot read IP mode file for STMicroelectronics.X-CUBE-SFXS2LP1.4.0.0
2024-01-19 08:38:48,796 [WARN] PackLoader:240 - Cannot read IP mode file for STMicroelectronics.X-CUBE-ISPU.1.1.0
2024-01-19 08:38:48,835 [WARN] ConditionMgr:438 - getConditionDescription Invalid condition id : UX DEVICE CLASS RTOS Condition cause : null
2024-01-19 08:38:48,836 [WARN] ConditionMgr:438 - getConditionDescription Invalid condition id : UX DEVICE CLASS RTOS Condition cause : null
2024-01-19 08:38:48,839 [WARN] PackLoader:240 - Cannot read IP mode file for STMicroelectronics.X-CUBE-AZRTOS-WB.2.0.0
2024-01-19 08:38:48,840 [WARN] ConditionMgr:1039 - genDependencies : Invalid condition id : UX DEVICE CLASS RTOS Condition cause : null
2024-01-19 08:38:48,840 [WARN] ConditionMgr:1039 - genDependencies : Invalid condition id : UX DEVICE CLASS RTOS Condition cause : null
2024-01-19 08:38:48,841 [WARN] ConditionMgr:1039 - genDependencies : Invalid condition id : UX DEVICE CLASS RTOS Condition cause : null
2024-01-19 08:38:48,841 [WARN] ConditionMgr:1039 - genDependencies : Invalid condition id : UX DEVICE CLASS RTOS Condition cause : null
2024-01-19 08:38:48,842 [WARN] ConditionMgr:1039 - genDependencies : Invalid condition id : UX DEVICE CLASS RTOS Condition cause : null
2024-01-19 08:38:48,858 [WARN] PackLoader:240 - Cannot read IP mode file for STMicroelectronics.X-CUBE-SUBG2.5.0.0
2024-01-19 08:38:48,876 [WARN] PackLoader:240 - Cannot read IP mode file for STMicroelectronics.X-CUBE-TOF1.3.3.1
2024-01-19 08:38:48,896 [WARN] PackLoader:240 - Cannot read IP mode file for STMicroelectronics.X-CUBE-AZRTOS-G4.2.0.0
2024-01-19 08:38:48,909 [WARN] PackLoader:240 - Cannot read IP mode file for Infineon.AIROC-Wi-Fi-Bluetooth-STM32.1.5.1
2024-01-19 08:38:48,916 [WARN] PackLoader:240 - Cannot read IP mode file for STMicroelectronics.FP-SNS-MOTENVWB1.1.3.0
2024-01-19 08:38:48,921 [WARN] PackLoader:240 - Cannot read IP mode file for STMicroelectronics.FP-SNS-MOTENVWB1.1.3.1
2024-01-19 08:38:48,926 [WARN] PackLoader:240 - Cannot read IP mode file for STMicroelectronics.X-CUBE-ISPU.2.0.0
2024-01-19 08:38:48,968 [WARN] PackLoader:240 - Cannot read IP mode file for STMicroelectronics.X-CUBE-MEMS1.10.0.0
2024-01-19 08:38:49,307 [WARN] PackLoader:240 - Cannot read IP mode file for STMicroelectronics.X-CUBE-FREERTOS.1.1.0
2024-01-19 08:38:49,313 [WARN] PackLoader:240 - Cannot read IP mode file for portGmbH.I-Cube-SoM-uGOAL.1.1.0
2024-01-19 08:38:49,318 [WARN] PackLoader:240 - Cannot read IP mode file for STMicroelectronics.X-CUBE-ALS.1.0.1
2024-01-19 08:38:49,322 [WARN] PackLoader:240 - Cannot read IP mode file for STMicroelectronics.FP-ATR-ASTRA1.2.0.0
2024-01-19 08:38:49,331 [WARN] PackLoader:240 - Cannot read IP mode file for STMicroelectronics.X-CUBE-TOF1.3.4.0
2024-01-19 08:38:49,377 [WARN] PackLoader:240 - Cannot read IP mode file for STMicroelectronics.X-CUBE-AZRTOS-H7.3.2.0
2024-01-19 08:38:49,382 [INFO] ThirdParty:978 - Integrity check success = true
2024-01-19 08:38:49,382 [INFO] IntegrityCheckThread:100 - exiting critical section [integrity check]
2024-01-19 08:38:49,382 [INFO] IntegrityCheckThread:103 - End integrity checks thread
2024-01-19 10:42:01,180 [INFO] Activator:176 - 


2024-01-19 10:42:01,182 [INFO] Activator:177 - !SESSION log4j initialized
2024-01-19 10:42:08,085 [INFO] LogOutputStream:77 - [STDOUT_REDIRECT] 
2024-01-19 10:42:09,751 [INFO] ApplicationProperties:184 - Using Application install path: C:\nonSystem\IT\Programs\STM32\STM32CubeIDE_1.13.2\STM32CubeIDE\plugins\com.st.stm32cube.common.mx_6.9.2.202309101412
2024-01-19 10:42:09,779 [INFO] DbMcusXml:78 - Set database path to: C:\nonSystem\IT\Programs\STM32\STM32CubeIDE_1.13.2\STM32CubeIDE\plugins\com.st.stm32cube.common.mx_6.9.2.202309101412\\db\/mcu/
2024-01-19 10:42:09,780 [INFO] ApiDb:274 - Set plugin database path to: C:\nonSystem\IT\Programs\STM32\STM32CubeIDE_1.13.2\STM32CubeIDE\plugins\com.st.stm32cube.common.mx_6.9.2.202309101412\\db\/plugins/boardmanager/
2024-01-19 10:42:09,780 [WARN] ApiDb:259 - Overriding images path with different value:  => C:\nonSystem\IT\Programs\STM32\STM32CubeIDE_1.13.2\STM32CubeIDE\plugins\com.st.stm32cube.common.mx_6.9.2.202309101412\\db\/plugins/mcufinder/images/
2024-01-19 10:42:09,803 [INFO] ApiDb:250 - Set database path to: C:\Users\gmich\.stmcufinder\plugins\mcufinder//mcu/
2024-01-19 10:42:09,805 [INFO] DbMcusAds:125 - Set database path to: C:\Users\gmich\.stmcufinder\plugins\mcufinder//mcu/
2024-01-19 10:42:09,809 [INFO] CrossReferenceDbSqlite:203 - Set database path to: C:\Users\gmich\.stmcufinder\plugins\mcufinder//mcu/cs/
2024-01-19 10:42:09,990 [INFO] RulesReader:64 - Compatibility file has been processed (293 Rules)
2024-01-19 10:42:10,149 [INFO] DbMcusXml:78 - Set database path to: C:\nonSystem\IT\Programs\STM32\STM32CubeIDE_1.13.2\STM32CubeIDE\plugins\com.st.stm32cube.common.mx_6.9.2.202309101412\\db\/mcu/
2024-01-19 10:42:10,149 [INFO] ApiDb:274 - Set plugin database path to: C:\nonSystem\IT\Programs\STM32\STM32CubeIDE_1.13.2\STM32CubeIDE\plugins\com.st.stm32cube.common.mx_6.9.2.202309101412\\db\/plugins/boardmanager/
2024-01-19 10:42:10,149 [INFO] ApiDb:261 - Set plugin images path to: C:\nonSystem\IT\Programs\STM32\STM32CubeIDE_1.13.2\STM32CubeIDE\plugins\com.st.stm32cube.common.mx_6.9.2.202309101412\\db\/plugins/mcufinder/images/
2024-01-19 10:42:10,150 [WARN] DbFile:41 - Overriding database path with different value: C:\Users\gmich\.stmcufinder\plugins\mcufinder/ => C:\Users\gmich\.stmcufinder\plugins\mcufinder
2024-01-19 10:42:10,150 [INFO] ApiDb:250 - Set database path to: C:\Users\gmich\.stmcufinder\plugins\mcufinder//mcu/
2024-01-19 10:42:10,150 [WARN] DbFile:41 - Overriding database path with different value: C:\Users\gmich\.stmcufinder\plugins\mcufinder/ => C:\Users\gmich\.stmcufinder\plugins\mcufinder
2024-01-19 10:42:10,151 [INFO] DbMcusAds:125 - Set database path to: C:\Users\gmich\.stmcufinder\plugins\mcufinder//mcu/
2024-01-19 10:42:10,151 [WARN] DbFile:41 - Overriding database path with different value: C:\Users\gmich\.stmcufinder\plugins\mcufinder/ => C:\Users\gmich\.stmcufinder\plugins\mcufinder
2024-01-19 10:42:10,151 [WARN] DbFile:41 - Overriding database path with different value: C:\Users\gmich\.stmcufinder\plugins\mcufinder/ => C:\Users\gmich\.stmcufinder\plugins\mcufinder
2024-01-19 10:42:10,151 [INFO] CrossReferenceDbSqlite:203 - Set database path to: C:\Users\gmich\.stmcufinder\plugins\mcufinder//mcu/cs/
2024-01-19 10:42:10,281 [INFO] MainPanel:262 - HeapMemory: 268435456
2024-01-19 10:42:10,402 [INFO] DbMcusXml:78 - Set database path to: C:\nonSystem\IT\Programs\STM32\STM32CubeIDE_1.13.2\STM32CubeIDE\plugins\com.st.stm32cube.common.mx_6.9.2.202309101412\\db\/mcu/
2024-01-19 10:42:10,402 [INFO] ApiDb:274 - Set plugin database path to: C:\nonSystem\IT\Programs\STM32\STM32CubeIDE_1.13.2\STM32CubeIDE\plugins\com.st.stm32cube.common.mx_6.9.2.202309101412\\db\/plugins/boardmanager/
2024-01-19 10:42:10,402 [INFO] ApiDb:261 - Set plugin images path to: C:\nonSystem\IT\Programs\STM32\STM32CubeIDE_1.13.2\STM32CubeIDE\plugins\com.st.stm32cube.common.mx_6.9.2.202309101412\\db\/plugins/mcufinder/images/
2024-01-19 10:42:10,403 [WARN] DbFile:41 - Overriding database path with different value: C:\Users\gmich\.stmcufinder\plugins\mcufinder/ => C:\Users\gmich\.stmcufinder\plugins\mcufinder
2024-01-19 10:42:10,403 [INFO] ApiDb:250 - Set database path to: C:\Users\gmich\.stmcufinder\plugins\mcufinder//mcu/
2024-01-19 10:42:10,403 [WARN] DbFile:41 - Overriding database path with different value: C:\Users\gmich\.stmcufinder\plugins\mcufinder/ => C:\Users\gmich\.stmcufinder\plugins\mcufinder
2024-01-19 10:42:10,403 [INFO] DbMcusAds:125 - Set database path to: C:\Users\gmich\.stmcufinder\plugins\mcufinder//mcu/
2024-01-19 10:42:10,403 [WARN] DbFile:41 - Overriding database path with different value: C:\Users\gmich\.stmcufinder\plugins\mcufinder/ => C:\Users\gmich\.stmcufinder\plugins\mcufinder
2024-01-19 10:42:10,403 [WARN] DbFile:41 - Overriding database path with different value: C:\Users\gmich\.stmcufinder\plugins\mcufinder/ => C:\Users\gmich\.stmcufinder\plugins\mcufinder
2024-01-19 10:42:10,404 [INFO] CrossReferenceDbSqlite:203 - Set database path to: C:\Users\gmich\.stmcufinder\plugins\mcufinder//mcu/cs/
2024-01-19 10:42:10,431 [INFO] ApplicationProperties:184 - Using Application install path: C:\nonSystem\IT\Programs\STM32\STM32CubeIDE_1.13.2\STM32CubeIDE\plugins\com.st.stm32cube.common.mx_6.9.2.202309101412
2024-01-19 10:42:10,433 [INFO] PluginManage:196 - Search for loadable plugins [exclusion list=, ]
2024-01-19 10:42:10,435 [INFO] PluginManage:310 - Check plugin analytics
2024-01-19 10:42:10,635 [INFO] AnalyticsPlugin:253 - Accepted Software Licenses: 
2024-01-19 10:42:10,635 [INFO] AnalyticsPlugin:255 - Accepted CMSIS Pack Licenses: STMicroelectronics.X-CUBE-MEMS1.10.0.0
2024-01-19 10:42:10,635 [INFO] AnalyticsPlugin:257 - Accepted Firmware Licenses: FW.L4.1.18.0
2024-01-19 10:42:10,639 [INFO] PluginManage:359 - Loaded plugin analytics (category:tool,tabindex:-1)
2024-01-19 10:42:10,640 [INFO] PluginManage:310 - Check plugin cadmodel
2024-01-19 10:42:10,647 [INFO] CADModel:105 - Init CAD model plugin
2024-01-19 10:42:10,648 [INFO] PluginManage:359 - Loaded plugin cadmodel (category:power,tabindex:5)
2024-01-19 10:42:10,648 [INFO] PluginManage:310 - Check plugin clock
2024-01-19 10:42:10,663 [INFO] PluginManage:359 - Loaded plugin clock (category:base,tabindex:2)
2024-01-19 10:42:10,663 [INFO] PluginManage:310 - Check plugin ddr
2024-01-19 10:42:10,668 [INFO] PluginManage:359 - Loaded plugin ddr (category:tool,tabindex:6)
2024-01-19 10:42:10,668 [INFO] PluginManage:310 - Check plugin filemanager
2024-01-19 10:42:10,885 [INFO] PluginManage:359 - Loaded plugin filemanager (category:base,tabindex:10)
2024-01-19 10:42:10,885 [INFO] PluginManage:310 - Check plugin ipmanager
2024-01-19 10:42:10,898 [INFO] PluginManage:359 - Loaded plugin ipmanager (category:base,tabindex:5)
2024-01-19 10:42:10,898 [INFO] PluginManage:310 - Check plugin lpbam
2024-01-19 10:42:10,913 [INFO] PluginManage:359 - Loaded plugin lpbam (category:base,tabindex:0)
2024-01-19 10:42:10,914 [INFO] PluginManage:310 - Check plugin memorymap
2024-01-19 10:42:10,937 [INFO] PluginManage:359 - Loaded plugin memorymap (category:base,tabindex:4)
2024-01-19 10:42:10,938 [INFO] PluginManage:310 - Check plugin pinoutandconfiguration
2024-01-19 10:42:10,953 [INFO] PluginManage:359 - Loaded plugin pinoutandconfiguration (category:base,tabindex:1)
2024-01-19 10:42:10,953 [INFO] PluginManage:310 - Check plugin pinoutconfig
2024-01-19 10:42:11,067 [WARN] SupportedApi:132 - Cannot load RTOS API schema: s4s-elt-must-match.1: The content of 'definitions' must match (annotation?, (simpleType | complexType)?, (unique | key | keyref)*)). A problem was found starting at: attribute.
2024-01-19 10:42:11,257 [INFO] PluginManage:359 - Loaded plugin pinoutconfig (category:base,tabindex:0)
2024-01-19 10:42:11,258 [INFO] PluginManage:310 - Check plugin power
2024-01-19 10:42:11,275 [INFO] PluginManage:359 - Loaded plugin power (category:power,tabindex:4)
2024-01-19 10:42:11,276 [INFO] PluginManage:310 - Check plugin projectmanager
2024-01-19 10:42:11,301 [INFO] PluginManage:359 - Loaded plugin projectmanager (category:projectmanager,tabindex:3)
2024-01-19 10:42:11,302 [INFO] PluginManage:310 - Check plugin thirdparty
2024-01-19 10:42:11,508 [INFO] PluginManage:359 - Loaded plugin thirdparty (category:base,tabindex:-1)
2024-01-19 10:42:11,508 [WARN] IntegrityCheckThread:84 - waiting for thirdparty lock release [integrity check]
2024-01-19 10:42:11,509 [INFO] PluginManage:310 - Check plugin tools
2024-01-19 10:42:11,509 [INFO] IntegrityCheckThread:86 - entering critical section [integrity check]
2024-01-19 10:42:11,510 [INFO] ThirdPartyUpdaterWithRetryManager:70 - Updater plugin not ready yet. [1/15]
2024-01-19 10:42:11,513 [INFO] PluginManage:359 - Loaded plugin tools (category:base,tabindex:7)
2024-01-19 10:42:11,513 [INFO] PluginManage:310 - Check plugin tutovideos
2024-01-19 10:42:11,796 [INFO] PluginManage:359 - Loaded plugin tutovideos (category:base,tabindex:-1)
2024-01-19 10:42:11,796 [INFO] PluginManage:310 - Check plugin updater
2024-01-19 10:42:11,817 [INFO] PluginManage:359 - Loaded plugin updater (category:base,tabindex:12)
2024-01-19 10:42:11,817 [INFO] PluginManage:310 - Check plugin userauth
2024-01-19 10:42:11,826 [INFO] UserAuth:113 - Init User Auth plugin
2024-01-19 10:42:11,826 [INFO] PluginManage:359 - Loaded plugin userauth (category:base,tabindex:14)
2024-01-19 10:42:11,826 [INFO] PluginManage:283 - PluginManage : Loaded plugins [17]
2024-01-19 10:42:12,157 [INFO] PinOutPanel:1499 - setPackage(No Configuration,No Configuration)
2024-01-19 10:42:12,289 [INFO] CADModel:165 - CPN selected for project level
2024-01-19 10:42:12,290 [INFO] CADModel:114 - Register for checkConnection events
2024-01-19 10:42:12,313 [INFO] IPUIPlugin:80 - create IPUIPlugin
2024-01-19 10:42:12,313 [INFO] PluginManager:220 - loadIPPluginJar : add adc
2024-01-19 10:42:12,316 [INFO] IPUIPlugin:80 - create IPUIPlugin
2024-01-19 10:42:12,317 [INFO] PluginManager:220 - loadIPPluginJar : add aes
2024-01-19 10:42:12,320 [INFO] IPUIPlugin:80 - create IPUIPlugin
2024-01-19 10:42:12,320 [INFO] PluginManager:220 - loadIPPluginJar : add can
2024-01-19 10:42:12,323 [INFO] IPUIPlugin:80 - create IPUIPlugin
2024-01-19 10:42:12,323 [INFO] PluginManager:220 - loadIPPluginJar : add comp
2024-01-19 10:42:12,327 [INFO] IPUIPlugin:80 - create IPUIPlugin
2024-01-19 10:42:12,327 [INFO] PluginManager:220 - loadIPPluginJar : add cryp
2024-01-19 10:42:12,330 [INFO] IPUIPlugin:80 - create IPUIPlugin
2024-01-19 10:42:12,330 [INFO] PluginManager:220 - loadIPPluginJar : add dfsdm
2024-01-19 10:42:12,338 [INFO] IPUIPlugin:80 - create IPUIPlugin
2024-01-19 10:42:12,339 [INFO] PluginManager:220 - loadIPPluginJar : add dma
2024-01-19 10:42:12,343 [INFO] IPUIPlugin:80 - create IPUIPlugin
2024-01-19 10:42:12,343 [INFO] PluginManager:220 - loadIPPluginJar : add dma3
2024-01-19 10:42:12,346 [INFO] IPUIPlugin:80 - create IPUIPlugin
2024-01-19 10:42:12,346 [INFO] PluginManager:220 - loadIPPluginJar : add fatfs
2024-01-19 10:42:12,352 [INFO] IPUIPlugin:80 - create IPUIPlugin
2024-01-19 10:42:12,352 [INFO] PluginManager:220 - loadIPPluginJar : add fmc
2024-01-19 10:42:12,360 [INFO] IPUIPlugin:80 - create IPUIPlugin
2024-01-19 10:42:12,361 [INFO] PluginManager:220 - loadIPPluginJar : add freertos
2024-01-19 10:42:12,363 [INFO] IPUIPlugin:80 - create IPUIPlugin
2024-01-19 10:42:12,363 [INFO] PluginManager:220 - loadIPPluginJar : add genericplugin
2024-01-19 10:42:12,367 [INFO] IPUIPlugin:80 - create IPUIPlugin
2024-01-19 10:42:12,367 [INFO] PluginManager:220 - loadIPPluginJar : add gfxmmu
2024-01-19 10:42:12,373 [INFO] IPUIPlugin:80 - create IPUIPlugin
2024-01-19 10:42:12,373 [INFO] PluginManager:220 - loadIPPluginJar : add gic
2024-01-19 10:42:12,377 [INFO] IPUIPlugin:80 - create IPUIPlugin
2024-01-19 10:42:12,378 [INFO] PluginManager:220 - loadIPPluginJar : add gpio
2024-01-19 10:42:12,381 [INFO] IPUIPlugin:80 - create IPUIPlugin
2024-01-19 10:42:12,381 [INFO] PluginManager:220 - loadIPPluginJar : add gtzc
2024-01-19 10:42:12,385 [INFO] IPUIPlugin:80 - create IPUIPlugin
2024-01-19 10:42:12,385 [INFO] PluginManager:220 - loadIPPluginJar : add hash
2024-01-19 10:42:12,388 [INFO] IPUIPlugin:80 - create IPUIPlugin
2024-01-19 10:42:12,389 [INFO] PluginManager:220 - loadIPPluginJar : add i2c
2024-01-19 10:42:12,391 [INFO] IPUIPlugin:80 - create IPUIPlugin
2024-01-19 10:42:12,391 [INFO] PluginManager:220 - loadIPPluginJar : add i2s
2024-01-19 10:42:12,394 [INFO] IPUIPlugin:80 - create IPUIPlugin
2024-01-19 10:42:12,394 [INFO] PluginManager:220 - loadIPPluginJar : add i3c
2024-01-19 10:42:12,399 [INFO] IPUIPlugin:80 - create IPUIPlugin
2024-01-19 10:42:12,399 [INFO] PluginManager:220 - loadIPPluginJar : add ipddr
2024-01-19 10:42:12,410 [INFO] IPUIPlugin:80 - create IPUIPlugin
2024-01-19 10:42:12,410 [INFO] PluginManager:220 - loadIPPluginJar : add linkedlist
2024-01-19 10:42:12,413 [INFO] IPUIPlugin:80 - create IPUIPlugin
2024-01-19 10:42:12,413 [INFO] PluginManager:220 - loadIPPluginJar : add lorawan
2024-01-19 10:42:12,415 [INFO] IPUIPlugin:80 - create IPUIPlugin
2024-01-19 10:42:12,416 [INFO] PluginManager:220 - loadIPPluginJar : add ltdc
2024-01-19 10:42:12,424 [INFO] IPUIPlugin:80 - create IPUIPlugin
2024-01-19 10:42:12,424 [INFO] PluginManager:220 - loadIPPluginJar : add mdma
2024-01-19 10:42:12,429 [INFO] IPUIPlugin:80 - create IPUIPlugin
2024-01-19 10:42:12,429 [INFO] PluginManager:220 - loadIPPluginJar : add nvic
2024-01-19 10:42:12,432 [INFO] IPUIPlugin:80 - create IPUIPlugin
2024-01-19 10:42:12,432 [INFO] PluginManager:220 - loadIPPluginJar : add opamp
2024-01-19 10:42:12,436 [INFO] IPUIPlugin:80 - create IPUIPlugin
2024-01-19 10:42:12,436 [INFO] PluginManager:220 - loadIPPluginJar : add openamp
2024-01-19 10:42:12,440 [INFO] IPUIPlugin:80 - create IPUIPlugin
2024-01-19 10:42:12,440 [INFO] PluginManager:220 - loadIPPluginJar : add pdm2pcm
2024-01-19 10:42:12,446 [INFO] IPUIPlugin:80 - create IPUIPlugin
2024-01-19 10:42:12,449 [INFO] PluginManager:220 - loadIPPluginJar : add plateformsettings
2024-01-19 10:42:12,451 [INFO] IPUIPlugin:80 - create IPUIPlugin
2024-01-19 10:42:12,451 [INFO] PluginManager:220 - loadIPPluginJar : add quadspi
2024-01-19 10:42:12,456 [INFO] IPUIPlugin:80 - create IPUIPlugin
2024-01-19 10:42:12,457 [INFO] PluginManager:220 - loadIPPluginJar : add resmgrutility
2024-01-19 10:42:12,460 [INFO] IPUIPlugin:80 - create IPUIPlugin
2024-01-19 10:42:12,460 [INFO] PluginManager:220 - loadIPPluginJar : add sai
2024-01-19 10:42:12,463 [INFO] IPUIPlugin:80 - create IPUIPlugin
2024-01-19 10:42:12,463 [INFO] PluginManager:220 - loadIPPluginJar : add spi
2024-01-19 10:42:12,469 [INFO] IPUIPlugin:80 - create IPUIPlugin
2024-01-19 10:42:12,469 [INFO] PluginManager:220 - loadIPPluginJar : add stm32_wpan
2024-01-19 10:42:12,471 [INFO] IPUIPlugin:80 - create IPUIPlugin
2024-01-19 10:42:12,472 [INFO] PluginManager:220 - loadIPPluginJar : add tim
2024-01-19 10:42:12,475 [INFO] IPUIPlugin:80 - create IPUIPlugin
2024-01-19 10:42:12,475 [INFO] PluginManager:220 - loadIPPluginJar : add touchsensing
2024-01-19 10:42:12,477 [INFO] IPUIPlugin:80 - create IPUIPlugin
2024-01-19 10:42:12,477 [INFO] PluginManager:220 - loadIPPluginJar : add tracer_emb
2024-01-19 10:42:12,479 [INFO] IPUIPlugin:80 - create IPUIPlugin
2024-01-19 10:42:12,480 [INFO] PluginManager:220 - loadIPPluginJar : add ts
2024-01-19 10:42:12,482 [INFO] IPUIPlugin:80 - create IPUIPlugin
2024-01-19 10:42:12,482 [INFO] PluginManager:220 - loadIPPluginJar : add tsc
2024-01-19 10:42:12,485 [INFO] IPUIPlugin:80 - create IPUIPlugin
2024-01-19 10:42:12,485 [INFO] PluginManager:220 - loadIPPluginJar : add ucpd
2024-01-19 10:42:12,489 [INFO] IPUIPlugin:80 - create IPUIPlugin
2024-01-19 10:42:12,489 [INFO] PluginManager:220 - loadIPPluginJar : add usart
2024-01-19 10:42:12,492 [INFO] IPUIPlugin:80 - create IPUIPlugin
2024-01-19 10:42:12,492 [INFO] PluginManager:220 - loadIPPluginJar : add usbx
2024-01-19 10:42:12,623 [INFO] CADModel:165 - CPN selected for project level
2024-01-19 10:42:12,623 [INFO] CADModel:114 - Register for checkConnection events
2024-01-19 10:42:12,624 [FATAL] Updater:308 - Updater called before beeing initialized
2024-01-19 10:42:12,624 [ERROR] CADModel:125 - Updater not yet initialized, retry later 
2024-01-19 10:42:12,808 [INFO] CADModel:165 - CPN selected for project level
2024-01-19 10:42:12,808 [INFO] CADModel:114 - Register for checkConnection events
2024-01-19 10:42:12,808 [FATAL] Updater:308 - Updater called before beeing initialized
2024-01-19 10:42:12,808 [ERROR] CADModel:125 - Updater not yet initialized, retry later 
2024-01-19 10:42:12,813 [FATAL] Updater:308 - Updater called before beeing initialized
2024-01-19 10:42:12,938 [FATAL] Updater:308 - Updater called before beeing initialized
2024-01-19 10:42:12,946 [INFO] DbMcusAds:53 - JSON generation date=Wed Nov 29 11:52:27 CET 2023 (1701255147349)
2024-01-19 10:42:12,946 [FATAL] Updater:308 - Updater called before beeing initialized
2024-01-19 10:42:12,996 [WARN] DetailPanel:346 - Failed to get advertising image, set to default
2024-01-19 10:42:13,184 [FATAL] Updater:308 - Updater called before beeing initialized
2024-01-19 10:42:13,188 [FATAL] Updater:308 - Updater called before beeing initialized
2024-01-19 10:42:13,188 [FATAL] Updater:308 - Updater called before beeing initialized
2024-01-19 10:42:13,188 [WARN] DetailPanel:346 - Failed to get advertising image, set to default
2024-01-19 10:42:13,190 [FATAL] Updater:308 - Updater called before beeing initialized
2024-01-19 10:42:13,250 [ERROR] Updater:1120 - MainUpdater not yet initialized. External WinMGr cannot be set.
2024-01-19 10:42:13,254 [INFO] Updater:1056 - Updater Version found : 6.9.2
2024-01-19 10:42:13,282 [INFO] ApplicationProperties:184 - Using Application install path: C:\nonSystem\IT\Programs\STM32\STM32CubeIDE_1.13.2\STM32CubeIDE\plugins\com.st.stm32cube.common.mx_6.9.2.202309101412
2024-01-19 10:42:13,650 [INFO] MainUpdater:2868 - connection check result : 10
2024-01-19 10:42:13,652 [INFO] MainUpdater:285 - Updater Check For Update Now.
2024-01-19 10:42:13,652 [INFO] MicroXplorer:498 - Change Database Version : DB.6.0.92
2024-01-19 10:42:13,666 [INFO] McuFinderGlobals:63 - Set McuFinder mode to 2 (CubeIDE integrated)
2024-01-19 10:42:13,877 [INFO] CheckServerUpdateThread:120 - End of CheckServer Thread
2024-01-19 10:42:15,201 [WARN] PackLoader:240 - Cannot read IP mode file for STMicroelectronics.X-CUBE-SMBUS.2.1.0
2024-01-19 10:42:15,226 [WARN] PackLoader:240 - Cannot read IP mode file for STMicroelectronics.X-CUBE-TOUCHGFX.4.23.0
2024-01-19 10:42:15,331 [WARN] PackLoader:240 - Cannot read IP mode file for STMicroelectronics.X-CUBE-AZRTOS-F7.1.1.0
2024-01-19 10:42:15,372 [WARN] PackLoader:240 - Cannot read IP mode file for STMicroelectronics.FP-SNS-MOTENV1.4.3.2
2024-01-19 10:42:15,396 [WARN] PackLoader:240 - Cannot read IP mode file for STMicroelectronics.FP-SNS-FLIGHT1.5.0.2
2024-01-19 10:42:15,424 [WARN] PackLoader:240 - Cannot read IP mode file for STMicroelectronics.X-CUBE-DISPLAY.3.0.0
2024-01-19 10:42:15,463 [WARN] PackLoader:240 - Cannot read IP mode file for STMicroelectronics.X-CUBE-BLE1.7.0.0
2024-01-19 10:42:15,486 [WARN] PackLoader:240 - Cannot read IP mode file for emotas.I-CUBE-CANOPEN.1.3.0
2024-01-19 10:42:15,497 [WARN] PackLoader:240 - Cannot read IP mode file for STMicroelectronics.X-CUBE-TOUCHGFX.4.22.1
2024-01-19 10:42:15,513 [WARN] PackLoader:240 - Cannot read IP mode file for STMicroelectronics.FP-SNS-SMARTAG2.1.2.0
2024-01-19 10:42:15,563 [INFO] LogOutputStream:77 - [STDOUT_REDIRECT] 1 : Invalid condition id : UX_CORESTACK_Condition cause : null
2024-01-19 10:42:15,564 [INFO] LogOutputStream:77 - [STDOUT_REDIRECT] 1 : Invalid condition id : UX_CORESTACK_Condition cause : null
2024-01-19 10:42:15,568 [INFO] LogOutputStream:77 - [STDOUT_REDIRECT] 1 : Invalid condition id : UX_CORESTACK_Condition cause : null
2024-01-19 10:42:15,573 [INFO] LogOutputStream:77 - [STDOUT_REDIRECT] 1 : Invalid condition id : UX_CORESTACK_Condition cause : null
2024-01-19 10:42:15,578 [INFO] LogOutputStream:77 - [STDOUT_REDIRECT] 1 : Invalid condition id : UX_CORESTACK_Condition cause : null
2024-01-19 10:42:15,589 [WARN] PackLoader:240 - Cannot read IP mode file for STMicroelectronics.X-CUBE-AZRTOS-WL.2.0.0
2024-01-19 10:42:15,622 [WARN] PackLoader:240 - Cannot read IP mode file for WES.I-CUBE-Cesium.1.3.0
2024-01-19 10:42:15,640 [WARN] PackLoader:240 - Cannot read IP mode file for STMicroelectronics.X-CUBE-BLE2.3.3.0
2024-01-19 10:42:15,665 [WARN] PackLoader:240 - Cannot read IP mode file for STMicroelectronics.X-CUBE-ALGOBUILD.1.3.0
2024-01-19 10:42:15,728 [WARN] PackLoader:240 - Cannot read IP mode file for STMicroelectronics.X-CUBE-AZRTOS-G0.1.1.0
2024-01-19 10:42:15,764 [WARN] PackLoader:240 - Cannot read IP mode file for STMicroelectronics.X-CUBE-NFC4.3.0.0
2024-01-19 10:42:15,794 [WARN] PackLoader:240 - Cannot read IP mode file for STMicroelectronics.X-CUBE-BLEMGR.3.0.0
2024-01-19 10:42:15,812 [WARN] PackLoader:240 - Cannot read IP mode file for STMicroelectronics.FP-ATR-SIGFOX1.3.2.0
2024-01-19 10:42:15,927 [WARN] PackLoader:240 - Cannot read IP mode file for SEGGER.I-CUBE-embOS.1.3.1
2024-01-19 10:42:16,059 [WARN] PackLoader:240 - Cannot read IP mode file for STMicroelectronics.X-CUBE-GNSS1.6.0.0
2024-01-19 10:42:16,107 [WARN] PackLoader:240 - Cannot read IP mode file for STMicroelectronics.X-CUBE-AZRTOS-F4.1.1.0
2024-01-19 10:42:16,127 [WARN] PackLoader:240 - Cannot read IP mode file for wolfSSL.I-CUBE-wolfSSL.5.6.3
2024-01-19 10:42:16,180 [WARN] PackLoader:240 - Cannot read IP mode file for STMicroelectronics.X-CUBE-AZRTOS-L5.2.0.0
2024-01-19 10:42:16,199 [WARN] PackLoader:240 - Cannot read IP mode file for STMicroelectronics.X-CUBE-EEPRMA1.4.2.0
2024-01-19 10:42:16,213 [WARN] PackLoader:240 - Cannot read IP mode file for ITTIA_DB.I-CUBE-ITTIADB.8.8.0
2024-01-19 10:42:16,228 [WARN] PackLoader:240 - Cannot read IP mode file for STMicroelectronics.X-CUBE-BLEMGR.2.0.0
2024-01-19 10:42:16,286 [WARN] ConditionMgr:438 - getConditionDescription Invalid condition id : UX DEVICE CLASS RTOS Condition cause : null
2024-01-19 10:42:16,287 [WARN] ConditionMgr:438 - getConditionDescription Invalid condition id : UX DEVICE CLASS RTOS Condition cause : null
2024-01-19 10:42:16,294 [WARN] PackLoader:240 - Cannot read IP mode file for STMicroelectronics.X-CUBE-AZRTOS-H7.3.1.0
2024-01-19 10:42:16,296 [WARN] ConditionMgr:1039 - genDependencies : Invalid condition id : UX DEVICE CLASS RTOS Condition cause : null
2024-01-19 10:42:16,297 [WARN] ConditionMgr:1039 - genDependencies : Invalid condition id : UX DEVICE CLASS RTOS Condition cause : null
2024-01-19 10:42:16,299 [WARN] ConditionMgr:1039 - genDependencies : Invalid condition id : UX DEVICE CLASS RTOS Condition cause : null
2024-01-19 10:42:16,300 [WARN] ConditionMgr:1039 - genDependencies : Invalid condition id : UX DEVICE CLASS RTOS Condition cause : null
2024-01-19 10:42:16,300 [WARN] ConditionMgr:1039 - genDependencies : Invalid condition id : UX DEVICE CLASS RTOS Condition cause : null
2024-01-19 10:42:16,324 [WARN] PackLoader:240 - Cannot read IP mode file for STMicroelectronics.X-CUBE-NFC7.1.0.1
2024-01-19 10:42:16,345 [WARN] PackLoader:240 - Cannot read IP mode file for STMicroelectronics.X-CUBE-NFC6.3.0.0
2024-01-19 10:42:16,365 [WARN] PackLoader:240 - Cannot read IP mode file for STMicroelectronics.X-CUBE-EEPRMA1.4.1.0
2024-01-19 10:42:16,383 [WARN] PackLoader:240 - Cannot read IP mode file for STMicroelectronics.X-CUBE-AI.8.1.0
2024-01-19 10:42:16,447 [WARN] ConditionMgr:438 - getConditionDescription Invalid condition id : LAN8742 Phy interface Condition cause : null
2024-01-19 10:42:16,450 [WARN] PackLoader:240 - Cannot read IP mode file for STMicroelectronics.X-CUBE-AZRTOS-L4.2.0.0
2024-01-19 10:42:16,453 [WARN] ConditionMgr:1039 - genDependencies : Invalid condition id : LAN8742 Phy interface Condition cause : null
2024-01-19 10:42:16,455 [WARN] ConditionMgr:1039 - genDependencies : Invalid condition id : LAN8742 Phy interface Condition cause : null
2024-01-19 10:42:16,457 [WARN] ConditionMgr:1039 - genDependencies : Invalid condition id : LAN8742 Phy interface Condition cause : null
2024-01-19 10:42:16,483 [WARN] PackLoader:240 - Cannot read IP mode file for STMicroelectronics.X-CUBE-SFXS2LP1.4.0.0
2024-01-19 10:42:16,501 [WARN] PackLoader:240 - Cannot read IP mode file for STMicroelectronics.X-CUBE-ISPU.1.1.0
2024-01-19 10:42:16,531 [WARN] ConditionMgr:438 - getConditionDescription Invalid condition id : UX DEVICE CLASS RTOS Condition cause : null
2024-01-19 10:42:16,532 [WARN] ConditionMgr:438 - getConditionDescription Invalid condition id : UX DEVICE CLASS RTOS Condition cause : null
2024-01-19 10:42:16,539 [WARN] PackLoader:240 - Cannot read IP mode file for STMicroelectronics.X-CUBE-AZRTOS-WB.2.0.0
2024-01-19 10:42:16,540 [WARN] ConditionMgr:1039 - genDependencies : Invalid condition id : UX DEVICE CLASS RTOS Condition cause : null
2024-01-19 10:42:16,541 [WARN] ConditionMgr:1039 - genDependencies : Invalid condition id : UX DEVICE CLASS RTOS Condition cause : null
2024-01-19 10:42:16,542 [WARN] ConditionMgr:1039 - genDependencies : Invalid condition id : UX DEVICE CLASS RTOS Condition cause : null
2024-01-19 10:42:16,543 [WARN] ConditionMgr:1039 - genDependencies : Invalid condition id : UX DEVICE CLASS RTOS Condition cause : null
2024-01-19 10:42:16,543 [WARN] ConditionMgr:1039 - genDependencies : Invalid condition id : UX DEVICE CLASS RTOS Condition cause : null
2024-01-19 10:42:16,618 [WARN] PackLoader:240 - Cannot read IP mode file for STMicroelectronics.X-CUBE-SUBG2.5.0.0
2024-01-19 10:42:16,658 [WARN] PackLoader:240 - Cannot read IP mode file for STMicroelectronics.X-CUBE-TOF1.3.3.1
2024-01-19 10:42:16,733 [WARN] PackLoader:240 - Cannot read IP mode file for STMicroelectronics.X-CUBE-AZRTOS-G4.2.0.0
2024-01-19 10:42:16,776 [WARN] PackLoader:240 - Cannot read IP mode file for Infineon.AIROC-Wi-Fi-Bluetooth-STM32.1.5.1
2024-01-19 10:42:16,793 [WARN] PackLoader:240 - Cannot read IP mode file for STMicroelectronics.FP-SNS-MOTENVWB1.1.3.0
2024-01-19 10:42:16,804 [WARN] PackLoader:240 - Cannot read IP mode file for STMicroelectronics.FP-SNS-MOTENVWB1.1.3.1
2024-01-19 10:42:16,815 [WARN] PackLoader:240 - Cannot read IP mode file for STMicroelectronics.X-CUBE-ISPU.2.0.0
2024-01-19 10:42:16,954 [WARN] PackLoader:240 - Cannot read IP mode file for STMicroelectronics.X-CUBE-MEMS1.10.0.0
2024-01-19 10:42:18,054 [WARN] PackLoader:240 - Cannot read IP mode file for STMicroelectronics.X-CUBE-FREERTOS.1.1.0
2024-01-19 10:42:18,072 [WARN] PackLoader:240 - Cannot read IP mode file for portGmbH.I-Cube-SoM-uGOAL.1.1.0
2024-01-19 10:42:18,086 [WARN] PackLoader:240 - Cannot read IP mode file for STMicroelectronics.X-CUBE-ALS.1.0.1
2024-01-19 10:42:18,101 [WARN] PackLoader:240 - Cannot read IP mode file for STMicroelectronics.FP-ATR-ASTRA1.2.0.0
2024-01-19 10:42:18,127 [WARN] PackLoader:240 - Cannot read IP mode file for STMicroelectronics.X-CUBE-TOF1.3.4.0
2024-01-19 10:42:18,224 [WARN] PackLoader:240 - Cannot read IP mode file for STMicroelectronics.X-CUBE-AZRTOS-H7.3.2.0
2024-01-19 10:42:18,236 [INFO] ThirdParty:978 - Integrity check success = true
2024-01-19 10:42:18,237 [INFO] IntegrityCheckThread:100 - exiting critical section [integrity check]
2024-01-19 10:42:18,237 [INFO] IntegrityCheckThread:103 - End integrity checks thread
